AX51 MACRO ASSEMBLER  AT                                                                    05/19/20 23:49:48 PAGE     1


MACRO ASSEMBLER AX51 V3.15.3.0
OBJECT MODULE PLACED IN .\Objects\at.obj
ASSEMBLER INVOKED BY: C:\Keil_v5\C51\BIN\AX51.EXE at.a51 SET(SMALL) DEBUG PRINT(.\Listings\at.lst) OBJECT(.\Objects\at.o
                      bj) EP

LOC    OBJ             LINE     SOURCE

                          1     ;#include <at89c51.H>
                          2     
*** ERROR #A318 IN 3 (at.a51, LINE 1): can't open file 'at89c51.H'
                          3     
                          4     
000000                    5             org 0000h
000000 8000               6             sjmp ayar
000002                    7     ayar:
                          8             
                          9             
000002 7800              10             mov r0,#00h
000004                   11             mov acc,cfg841
*** ____________________________________________^
*** ERROR #A45 IN 11 (at.a51, LINE 11): UNDEFINED SYMBOL
000007 D2E2              12             setb acc.2     
000009                   13             mov cfg841,acc    
*** ________________________________________^
*** ERROR #A45 IN 13 (at.a51, LINE 13): UNDEFINED SYMBOL
00000C 900000     F      14             mov dptr,#tablo   
                         15             
00000F                   16             mov pwm0h,#12d   
*** ________________________________________^
*** ERROR #A45 IN 16 (at.a51, LINE 16): UNDEFINED SYMBOL
000012                   17             mov pwm1l,#20d  
*** ________________________________________^
*** ERROR #A45 IN 17 (at.a51, LINE 17): UNDEFINED SYMBOL
000015                   18             mov pwm1h,#05h  
*** ________________________________________^
*** ERROR #A45 IN 18 (at.a51, LINE 18): UNDEFINED SYMBOL
                         19             
000018                   20             mov pwmcon ,#00100001b  
*** ________________________________________^
*** ERROR #A45 IN 20 (at.a51, LINE 20): UNDEFINED SYMBOL
                         21             
                         22     
                         23             
00001B                   24             z:
00001B E8                25             mov a,r0
00001C 93                26             movc a,@a+dptr
00001D                   27             mov pwm0l,a
*** ________________________________________^
*** ERROR #A45 IN 27 (at.a51, LINE 27): UNDEFINED SYMBOL
00001F 08                28             inc r0                      
000020                   29             x:                         
000020                   30             jb p2.0,x    
*** _______________________________________^
*** ERROR #A45 IN 30 (at.a51, LINE 30): UNDEFINED SYMBOL
000023                   31     y:      jnb p2.0,y
*** ________________________________________^
*** ERROR #A45 IN 31 (at.a51, LINE 31): UNDEFINED SYMBOL
                         32             
000026 80F3              33     sjmp z          
                         34     
000028 02130411          35     tablo:db 2,19,4,17,6,15,8,13,10,3        
00002C 060F080D                 
000030 0A03                     
                         36             
AX51 MACRO ASSEMBLER  AT                                                                    05/19/20 23:49:48 PAGE     2

                         37     end
AX51 MACRO ASSEMBLER  AT                                                                    05/19/20 23:49:48 PAGE     3

SYMBOL TABLE LISTING
------ ----- -------


N A M E             T Y P E  V A L U E     ATTRIBUTES

ACC. . . . . . . .  D  ADDR  00E0H     A   
AYAR . . . . . . .  C  ADDR  0002H     R   SEG=?CO?AT?0
CFG841 . . . . . .  -- ----  -------       
P2 . . . . . . . .  -- ----  -------       
PWM0H. . . . . . .  -- ----  -------       
PWM0L. . . . . . .  -- ----  -------       
PWM1H. . . . . . .  -- ----  -------       
PWM1L. . . . . . .  -- ----  -------       
PWMCON . . . . . .  -- ----  -------       
TABLO. . . . . . .  C  ADDR  0028H     R   SEG=?CO?AT?0
X. . . . . . . . .  C  ADDR  0020H     R   SEG=?CO?AT?0
Y. . . . . . . . .  C  ADDR  0023H     R   SEG=?CO?AT?0
Z. . . . . . . . .  C  ADDR  001BH     R   SEG=?CO?AT?0


REGISTER BANK(S) USED: 0 


ASSEMBLY COMPLETE.  0 WARNING(S), 10 ERROR(S).
